#
# There is insufficient memory for the Java Runtime Environment to continue.
# Native memory allocation (mmap) failed to map 124780544 bytes for committing reserved memory.
# Possible reasons:
#   The system is out of physical RAM or swap space
#   In 32 bit mode, the process size limit was hit
# Possible solutions:
#   Reduce memory load on the system
#   Increase physical memory or swap space
#   Check if swap backing store is full
#   Use 64 bit Java on a 64 bit OS
#   Decrease Java heap size (-Xmx/-Xms)
#   Decrease number of Java threads
#   Decrease Java thread stack sizes (-Xss)
#   Set larger code cache with -XX:ReservedCodeCacheSize=
# This output file may be truncated or incomplete.
#
#  Out of Memory Error (os_linux.cpp:2640), pid=19507, tid=0x00007f1290d5a700
#
# JRE version: Java(TM) SE Runtime Environment (8.0_181-b13) (build 1.8.0_181-b13)
# Java VM: Java HotSpot(TM) 64-Bit Server VM (25.181-b13 mixed mode linux-amd64 compressed oops)
# Failed to write core dump. Core dumps have been disabled. To enable core dumping, try "ulimit -c unlimited" before starting Java again
#

---------------  T H R E A D  ---------------

Current thread (0x00007f12a407a800):  VMThread [stack: 0x00007f1290c5a000,0x00007f1290d5b000] [id=19518]

Stack: [0x00007f1290c5a000,0x00007f1290d5b000],  sp=0x00007f1290d58fa0,  free space=1019k
Native frames: (J=compiled Java code, j=interpreted, Vv=VM code, C=native code)
V  [libjvm.so+0xad21aa]  VMError::report_and_die()+0x2ba
V  [libjvm.so+0x5022db]  report_vm_out_of_memory(char const*, int, unsigned long, VMErrorType, char const*)+0x8b
V  [libjvm.so+0x92fe33]  os::Linux::commit_memory_impl(char*, unsigned long, bool)+0x123
V  [libjvm.so+0x930059]  os::pd_commit_memory(char*, unsigned long, unsigned long, bool)+0x29
V  [libjvm.so+0x9272ba]  os::commit_memory(char*, unsigned long, unsigned long, bool)+0x2a
V  [libjvm.so+0x99d2e3]  PSVirtualSpace::expand_by(unsigned long)+0x53
V  [libjvm.so+0x99e6e8]  PSYoungGen::resize_generation(unsigned long, unsigned long)+0xf8
V  [libjvm.so+0x99d842]  PSYoungGen::resize(unsigned long, unsigned long)+0x22
V  [libjvm.so+0x99ab1b]  PSScavenge::invoke_no_policy()+0xf3b
V  [libjvm.so+0x99b2a1]  PSScavenge::invoke()+0x41
V  [libjvm.so+0x951d70]  ParallelScavengeHeap::failed_mem_allocate(unsigned long)+0x70
V  [libjvm.so+0xad3c27]  VM_ParallelGCFailedAllocation::doit()+0x97
V  [libjvm.so+0xadb745]  VM_Operation::evaluate()+0x55
V  [libjvm.so+0xad9b0a]  VMThread::evaluate_operation(VM_Operation*)+0xba
V  [libjvm.so+0xad9e8e]  VMThread::loop()+0x1ce
V  [libjvm.so+0xada300]  VMThread::run()+0x70
V  [libjvm.so+0x930198]  java_start(Thread*)+0x108

VM_Operation (0x00007f124b3be620): ParallelGCFailedAllocation, mode: safepoint, requested by thread 0x00007f1250001800


---------------  P R O C E S S  ---------------

Java Threads: ( => current thread )
  0x00007f1250001800 JavaThread "Thread-0" [_thread_blocked, id=19580, stack(0x00007f124b2bf000,0x00007f124b3c0000)]
  0x00007f124c330000 JavaThread "Thread-10" [_thread_blocked, id=19540, stack(0x00007f12706e1000,0x00007f12707e2000)]
  0x00007f124c32f000 JavaThread "Thread-9" [_thread_blocked, id=19539, stack(0x00007f12705e0000,0x00007f12706e1000)]
  0x00007f1258005800 JavaThread "waiter" [_thread_blocked, id=19533, stack(0x00007f12700dd000,0x00007f12701de000)]
  0x00007f124c035000 JavaThread "EMF Reference Cleaner" daemon [_thread_blocked, id=19531, stack(0x00007f12703de000,0x00007f12704df000)]
  0x00007f12a400c800 JavaThread "DestroyJavaVM" [_thread_blocked, id=19510, stack(0x00007f12ad6b3000,0x00007f12ad7b4000)]
  0x00007f12a41be000 JavaThread "Thread-4" [_thread_blocked, id=19530, stack(0x00007f12704df000,0x00007f12705e0000)]
  0x00007f12a40cb000 JavaThread "Service Thread" daemon [_thread_blocked, id=19526, stack(0x00007f1273afb000,0x00007f1273bfc000)]
  0x00007f12a40c0000 JavaThread "C1 CompilerThread2" daemon [_thread_blocked, id=19524, stack(0x00007f1273bfc000,0x00007f1273cfd000)]
  0x00007f12a40be800 JavaThread "C2 CompilerThread1" daemon [_thread_blocked, id=19523, stack(0x00007f1273cfd000,0x00007f1273dfe000)]
  0x00007f12a40bb800 JavaThread "C2 CompilerThread0" daemon [_thread_blocked, id=19522, stack(0x00007f1273dfe000,0x00007f1273eff000)]
  0x00007f12a40ba000 JavaThread "Signal Dispatcher" daemon [_thread_blocked, id=19521, stack(0x00007f1273eff000,0x00007f1274000000)]
  0x00007f12a4086800 JavaThread "Finalizer" daemon [_thread_blocked, id=19520, stack(0x00007f1290a58000,0x00007f1290b59000)]
  0x00007f12a4084000 JavaThread "Reference Handler" daemon [_thread_blocked, id=19519, stack(0x00007f1290b59000,0x00007f1290c5a000)]

Other Threads:
=>0x00007f12a407a800 VMThread [stack: 0x00007f1290c5a000,0x00007f1290d5b000] [id=19518]
  0x00007f12a40d0000 WatcherThread [stack: 0x00007f12739fa000,0x00007f1273afb000] [id=19527]

VM state:at safepoint (normal execution)

VM Mutex/Monitor currently owned by a thread:  ([mutex/lock_event])
[0x00007f12a4008960] Threads_lock - owner thread: 0x00007f12a407a800
[0x00007f12a4008e60] Heap_lock - owner thread: 0x00007f1250001800

Heap:
 PSYoungGen      total 214016K, used 32K [0x00000000d6f00000, 0x00000000e4b00000, 0x0000000100000000)
  eden space 202752K, 0% used [0x00000000d6f00000,0x00000000d6f00000,0x00000000e3500000)
  from space 11264K, 0% used [0x00000000e3500000,0x00000000e3508000,0x00000000e4000000)
  to   space 11264K, 0% used [0x00000000e4000000,0x00000000e4000000,0x00000000e4b00000)
 ParOldGen       total 84992K, used 11718K [0x0000000084c00000, 0x0000000089f00000, 0x00000000d6f00000)
  object space 84992K, 13% used [0x0000000084c00000,0x0000000085771aa8,0x0000000089f00000)
 Metaspace       used 19153K, capacity 19381K, committed 19584K, reserved 1067008K
  class space    used 2281K, capacity 2363K, committed 2432K, reserved 1048576K

Card table byte_map: [0x00007f12aa070000,0x00007f12aa44b000] byte_map_base: 0x00007f12a9c4a000

Marking Bits: (ParMarkBitMap*) 0x00007f12acb870a0
 Begin Bits: [0x00007f1291260000, 0x00007f1293130000)
 End Bits:   [0x00007f1293130000, 0x00007f1295000000)

Polling page: 0x00007f12ad7d9000

CodeCache: size=245760Kb used=10151Kb max_used=10302Kb free=235608Kb
 bounds [0x00007f1295000000, 0x00007f1295a20000, 0x00007f12a4000000]
 total_blobs=2944 nmethods=2525 adapters=331
 compilation: enabled

Compilation events (10 events):
Event: 143.668 Thread 0x00007f12a40c0000 2588 % !   3       ca.queensu.cs.server.ByteReader::run @ 33 (63 bytes)
Event: 143.672 Thread 0x00007f12a40c0000 nmethod 2588% 0x00007f1295a0d250 code [0x00007f1295a0d4e0, 0x00007f1295a0e608]
Event: 143.672 Thread 0x00007f12a40c0000 2589   !   3       ca.queensu.cs.server.ByteReader::run (63 bytes)
Event: 143.673 Thread 0x00007f12a40c0000 nmethod 2589 0x00007f1295a0b510 code [0x00007f1295a0b7a0, 0x00007f1295a0c848]
Event: 143.679 Thread 0x00007f12a40bb800 2590 % !   4       ca.queensu.cs.server.ByteReader::run @ 33 (63 bytes)
Event: 143.681 Thread 0x00007f12a40bb800 nmethod 2590% 0x00007f1295a0b050 code [0x00007f1295a0b1e0, 0x00007f1295a0b348]
Event: 143.716 Thread 0x00007f12a40be800 2591   !   4       java.lang.ref.ReferenceQueue::enqueue (119 bytes)
Event: 143.719 Thread 0x00007f12a40be800 nmethod 2591 0x00007f1295a11c50 code [0x00007f1295a11dc0, 0x00007f1295a12288]
Event: 143.723 Thread 0x00007f12a40bb800 2592       4       java.lang.ref.ReferenceQueue::remove (6 bytes)
Event: 143.728 Thread 0x00007f12a40bb800 nmethod 2592 0x00007f1295a112d0 code [0x00007f1295a11440, 0x00007f1295a11a88]

GC Heap History (10 events):
Event: 144.095 GC heap after
Heap after GC invocations=6 (full 0):
 PSYoungGen      total 73216K, used 5114K [0x00000000d6f00000, 0x00000000dc000000, 0x0000000100000000)
  eden space 63488K, 0% used [0x00000000d6f00000,0x00000000d6f00000,0x00000000dad00000)
  from space 9728K, 52% used [0x00000000db680000,0x00000000dbb7eab0,0x00000000dc000000)
  to   space 9728K, 0% used [0x00000000dad00000,0x00000000dad00000,0x00000000db680000)
 ParOldGen       total 84992K, used 6593K [0x0000000084c00000, 0x0000000089f00000, 0x00000000d6f00000)
  object space 84992K, 7% used [0x0000000084c00000,0x0000000085270798,0x0000000089f00000)
 Metaspace       used 19153K, capacity 19381K, committed 19584K, reserved 1067008K
  class space    used 2281K, capacity 2363K, committed 2432K, reserved 1048576K
}
Event: 144.363 GC heap before
{Heap before GC invocations=7 (full 0):
 PSYoungGen      total 73216K, used 68602K [0x00000000d6f00000, 0x00000000dc000000, 0x0000000100000000)
  eden space 63488K, 100% used [0x00000000d6f00000,0x00000000dad00000,0x00000000dad00000)
  from space 9728K, 52% used [0x00000000db680000,0x00000000dbb7eab0,0x00000000dc000000)
  to   space 9728K, 0% used [0x00000000dad00000,0x00000000dad00000,0x00000000db680000)
 ParOldGen       total 84992K, used 6593K [0x0000000084c00000, 0x0000000089f00000, 0x00000000d6f00000)
  object space 84992K, 7% used [0x0000000084c00000,0x0000000085270798,0x0000000089f00000)
 Metaspace       used 19153K, capacity 19381K, committed 19584K, reserved 1067008K
  class space    used 2281K, capacity 2363K, committed 2432K, reserved 1048576K
Event: 144.377 GC heap after
Heap after GC invocations=7 (full 0):
 PSYoungGen      total 73216K, used 1168K [0x00000000d6f00000, 0x00000000dff00000, 0x0000000100000000)
  eden space 63488K, 0% used [0x00000000d6f00000,0x00000000d6f00000,0x00000000dad00000)
  from space 9728K, 12% used [0x00000000dad00000,0x00000000dae24010,0x00000000db680000)
  to   space 10240K, 0% used [0x00000000df500000,0x00000000df500000,0x00000000dff00000)
 ParOldGen       total 84992K, used 10538K [0x0000000084c00000, 0x0000000089f00000, 0x00000000d6f00000)
  object space 84992K, 12% used [0x0000000084c00000,0x000000008564ab48,0x0000000089f00000)
 Metaspace       used 19153K, capacity 19381K, committed 19584K, reserved 1067008K
  class space    used 2281K, capacity 2363K, committed 2432K, reserved 1048576K
}
Event: 144.810 GC heap before
{Heap before GC invocations=8 (full 0):
 PSYoungGen      total 73216K, used 64656K [0x00000000d6f00000, 0x00000000dff00000, 0x0000000100000000)
  eden space 63488K, 100% used [0x00000000d6f00000,0x00000000dad00000,0x00000000dad00000)
  from space 9728K, 12% used [0x00000000dad00000,0x00000000dae24010,0x00000000db680000)
  to   space 10240K, 0% used [0x00000000df500000,0x00000000df500000,0x00000000dff00000)
 ParOldGen       total 84992K, used 10538K [0x0000000084c00000, 0x0000000089f00000, 0x00000000d6f00000)
  object space 84992K, 12% used [0x0000000084c00000,0x000000008564ab48,0x0000000089f00000)
 Metaspace       used 19153K, capacity 19381K, committed 19584K, reserved 1067008K
  class space    used 2281K, capacity 2363K, committed 2432K, reserved 1048576K
Event: 144.813 GC heap after
Heap after GC invocations=8 (full 0):
 PSYoungGen      total 136704K, used 32K [0x00000000d6f00000, 0x00000000e0000000, 0x0000000100000000)
  eden space 126464K, 0% used [0x00000000d6f00000,0x00000000d6f00000,0x00000000dea80000)
  from space 10240K, 0% used [0x00000000df500000,0x00000000df508000,0x00000000dff00000)
  to   space 10752K, 0% used [0x00000000dea80000,0x00000000dea80000,0x00000000df500000)
 ParOldGen       total 84992K, used 11718K [0x0000000084c00000, 0x0000000089f00000, 0x00000000d6f00000)
  object space 84992K, 13% used [0x0000000084c00000,0x0000000085771aa8,0x0000000089f00000)
 Metaspace       used 19153K, capacity 19381K, committed 19584K, reserved 1067008K
  class space    used 2281K, capacity 2363K, committed 2432K, reserved 1048576K
}
Event: 145.764 GC heap before
{Heap before GC invocations=9 (full 0):
 PSYoungGen      total 136704K, used 126496K [0x00000000d6f00000, 0x00000000e0000000, 0x0000000100000000)
  eden space 126464K, 100% used [0x00000000d6f00000,0x00000000dea80000,0x00000000dea80000)
  from space 10240K, 0% used [0x00000000df500000,0x00000000df508000,0x00000000dff00000)
  to   space 10752K, 0% used [0x00000000dea80000,0x00000000dea80000,0x00000000df500000)
 ParOldGen       total 84992K, used 11718K [0x0000000084c00000, 0x0000000089f00000, 0x00000000d6f00000)
  object space 84992K, 13% used [0x0000000084c00000,0x0000000085771aa8,0x0000000089f00000)
 Metaspace       used 19153K, capacity 19381K, committed 19584K, reserved 1067008K
  class space    used 2281K, capacity 2363K, committed 2432K, reserved 1048576K
Event: 145.766 GC heap after
Heap after GC invocations=9 (full 0):
 PSYoungGen      total 137216K, used 32K [0x00000000d6f00000, 0x00000000e4b00000, 0x0000000100000000)
  eden space 126464K, 0% used [0x00000000d6f00000,0x00000000d6f00000,0x00000000dea80000)
  from space 10752K, 0% used [0x00000000dea80000,0x00000000dea88000,0x00000000df500000)
  to   space 11264K, 0% used [0x00000000e4000000,0x00000000e4000000,0x00000000e4b00000)
 ParOldGen       total 84992K, used 11718K [0x0000000084c00000, 0x0000000089f00000, 0x00000000d6f00000)
  object space 84992K, 13% used [0x0000000084c00000,0x0000000085771aa8,0x0000000089f00000)
 Metaspace       used 19153K, capacity 19381K, committed 19584K, reserved 1067008K
  class space    used 2281K, capacity 2363K, committed 2432K, reserved 1048576K
}
Event: 146.737 GC heap before
{Heap before GC invocations=10 (full 0):
 PSYoungGen      total 137216K, used 126496K [0x00000000d6f00000, 0x00000000e4b00000, 0x0000000100000000)
  eden space 126464K, 100% used [0x00000000d6f00000,0x00000000dea80000,0x00000000dea80000)
  from space 10752K, 0% used [0x00000000dea80000,0x00000000dea88000,0x00000000df500000)
  to   space 11264K, 0% used [0x00000000e4000000,0x00000000e4000000,0x00000000e4b00000)
 ParOldGen       total 84992K, used 11718K [0x0000000084c00000, 0x0000000089f00000, 0x00000000d6f00000)
  object space 84992K, 13% used [0x0000000084c00000,0x0000000085771aa8,0x0000000089f00000)
 Metaspace       used 19153K, capacity 19381K, committed 19584K, reserved 1067008K
  class space    used 2281K, capacity 2363K, committed 2432K, reserved 1048576K
Event: 146.738 GC heap after
Heap after GC invocations=10 (full 0):
 PSYoungGen      total 214016K, used 32K [0x00000000d6f00000, 0x00000000e4b00000, 0x0000000100000000)
  eden space 202752K, 0% used [0x00000000d6f00000,0x00000000d6f00000,0x00000000e3500000)
  from space 11264K, 0% used [0x00000000e4000000,0x00000000e4008000,0x00000000e4b00000)
  to   space 11264K, 0% used [0x00000000e3500000,0x00000000e3500000,0x00000000e4000000)
 ParOldGen       total 84992K, used 11718K [0x0000000084c00000, 0x0000000089f00000, 0x00000000d6f00000)
  object space 84992K, 13% used [0x0000000084c00000,0x0000000085771aa8,0x0000000089f00000)
 Metaspace       used 19153K, capacity 19381K, committed 19584K, reserved 1067008K
  class space    used 2281K, capacity 2363K, committed 2432K, reserved 1048576K
}
Event: 152.170 GC heap before
{Heap before GC invocations=11 (full 0):
 PSYoungGen      total 214016K, used 202784K [0x00000000d6f00000, 0x00000000e4b00000, 0x0000000100000000)
  eden space 202752K, 100% used [0x00000000d6f00000,0x00000000e3500000,0x00000000e3500000)
  from space 11264K, 0% used [0x00000000e4000000,0x00000000e4008000,0x00000000e4b00000)
  to   space 11264K, 0% used [0x00000000e3500000,0x00000000e3500000,0x00000000e4000000)
 ParOldGen       total 84992K, used 11718K [0x0000000084c00000, 0x0000000089f00000, 0x00000000d6f00000)
  object space 84992K, 13% used [0x0000000084c00000,0x0000000085771aa8,0x0000000089f00000)
 Metaspace       used 19153K, capacity 19381K, committed 19584K, reserved 1067008K
  class space    used 2281K, capacity 2363K, committed 2432K, reserved 1048576K

Deoptimization events (10 events):
Event: 5.379 Thread 0x00007f12a40ff800 Uncommon trap: reason=unstable_if action=reinterpret pc=0x00007f129513c10c method=ca.queensu.cs.controller.Controller$RunnableImpl.run()V @ 26
Event: 5.382 Thread 0x00007f12a40ff800 Uncommon trap: reason=unstable_if action=reinterpret pc=0x00007f12956ed468 method=java.io.PrintStream.write(Ljava/lang/String;)V @ 43
Event: 5.390 Thread 0x00007f12a40ff800 Uncommon trap: reason=unstable_if action=reinterpret pc=0x00007f1295725c08 method=sun.net.www.ParseUtil.encodePath(Ljava/lang/String;Z)Ljava/lang/String; @ 109
Event: 5.492 Thread 0x00007f1258007000 Uncommon trap: reason=unstable_if action=reinterpret pc=0x00007f12956231a4 method=java.util.jar.Manifest$FastInputStream.peek()B @ 8
Event: 111.981 Thread 0x00007f1258005800 Uncommon trap: reason=unstable_if action=reinterpret pc=0x00007f12958eec90 method=java.util.AbstractCollection.isEmpty()Z @ 4
Event: 111.982 Thread 0x00007f1258005800 Uncommon trap: reason=unstable_if action=reinterpret pc=0x00007f12958c7104 method=java.util.AbstractCollection.isEmpty()Z @ 4
Event: 111.982 Thread 0x00007f124c330000 Uncommon trap: reason=unstable_if action=reinterpret pc=0x00007f12958ef750 method=java.util.concurrent.locks.ReentrantLock$NonfairSync.lock()V @ 6
Event: 111.982 Thread 0x00007f124c32f000 Uncommon trap: reason=unstable_if action=reinterpret pc=0x00007f12958ef78c method=ca.queensu.cs.controller.CapsuleTracker.run()V @ 300
Event: 112.566 Thread 0x00007f124c330000 Uncommon trap: reason=unstable_if action=reinterpret pc=0x00007f1295674928 method=java.util.LinkedHashMap.afterNodeRemoval(Ljava/util/HashMap$Node;)V @ 27
Event: 112.990 Thread 0x00007f1258005800 Uncommon trap: reason=unstable_if action=reinterpret pc=0x00007f12958c6dac method=java.util.concurrent.locks.ReentrantLock$NonfairSync.lock()V @ 6

Classes redefined (0 events):
No events

Internal exceptions (10 events):
Event: 4.099 Thread 0x00007f12a41bb800 Exception <a 'java/lang/NoSuchFieldError': method resolution failed> (0x00000000d70d9cd0) thrown at [/HUDSON/workspace/8-2-build-linux-amd64/jdk8u181/11358/hotspot/src/share/vm/prims/methodHandles.cpp, line 1167]
Event: 4.671 Thread 0x00007f12a41bb800 Implicit null exception at 0x00007f1295363335 to 0x00007f1295363561
Event: 4.726 Thread 0x00007f12a41bb800 Exception <a 'java/lang/ClassNotFoundException': sun/net/www/protocol/pathmap/Handler> (0x00000000d730af48) thrown at [/HUDSON/workspace/8-2-build-linux-amd64/jdk8u181/11358/hotspot/src/share/vm/classfile/systemDictionary.cpp, line 210]
Event: 4.757 Thread 0x00007f12a41bb800 Exception <a 'java/lang/ClassNotFoundException': sun/net/www/protocol/pathmap/Handler> (0x00000000d7341938) thrown at [/HUDSON/workspace/8-2-build-linux-amd64/jdk8u181/11358/hotspot/src/share/vm/classfile/systemDictionary.cpp, line 210]
Event: 5.146 Thread 0x00007f12a41bb800 Exception <a 'java/lang/ClassNotFoundException': sun/net/www/protocol/pathmap/Handler> (0x00000000d785a218) thrown at [/HUDSON/workspace/8-2-build-linux-amd64/jdk8u181/11358/hotspot/src/share/vm/classfile/systemDictionary.cpp, line 210]
Event: 5.157 Thread 0x00007f12a41bb800 Exception <a 'java/lang/ClassNotFoundException': sun/net/www/protocol/pathmap/Handler> (0x00000000d7870bc0) thrown at [/HUDSON/workspace/8-2-build-linux-amd64/jdk8u181/11358/hotspot/src/share/vm/classfile/systemDictionary.cpp, line 210]
Event: 5.189 Thread 0x00007f12a41bb800 Exception <a 'java/lang/ClassNotFoundException': sun/net/www/protocol/pathmap/Handler> (0x00000000d7896868) thrown at [/HUDSON/workspace/8-2-build-linux-amd64/jdk8u181/11358/hotspot/src/share/vm/classfile/systemDictionary.cpp, line 210]
Event: 5.190 Thread 0x00007f12a41bb800 Exception <a 'java/lang/ClassNotFoundException': sun/net/www/protocol/pathmap/Handler> (0x00000000d78ad1f0) thrown at [/HUDSON/workspace/8-2-build-linux-amd64/jdk8u181/11358/hotspot/src/share/vm/classfile/systemDictionary.cpp, line 210]
Event: 5.221 Thread 0x00007f12a41bb800 Exception <a 'java/lang/ClassNotFoundException': sun/net/www/protocol/pathmap/Handler> (0x00000000d78d2f08) thrown at [/HUDSON/workspace/8-2-build-linux-amd64/jdk8u181/11358/hotspot/src/share/vm/classfile/systemDictionary.cpp, line 210]
Event: 5.222 Thread 0x00007f12a41bb800 Exception <a 'java/lang/ClassNotFoundException': sun/net/www/protocol/pathmap/Handler> (0x00000000d78e9930) thrown at [/HUDSON/workspace/8-2-build-linux-amd64/jdk8u181/11358/hotspot/src/share/vm/classfile/systemDictionary.cpp, line 210]

Events (10 events):
Event: 144.095 Executing VM operation: ParallelGCFailedAllocation done
Event: 144.363 Executing VM operation: ParallelGCFailedAllocation
Event: 144.377 Executing VM operation: ParallelGCFailedAllocation done
Event: 144.810 Executing VM operation: ParallelGCFailedAllocation
Event: 144.813 Executing VM operation: ParallelGCFailedAllocation done
Event: 145.764 Executing VM operation: ParallelGCFailedAllocation
Event: 145.766 Executing VM operation: ParallelGCFailedAllocation done
Event: 146.737 Executing VM operation: ParallelGCFailedAllocation
Event: 146.738 Executing VM operation: ParallelGCFailedAllocation done
Event: 148.291 Executing VM operation: ParallelGCFailedAllocation


Dynamic libraries:
00400000-00401000 r-xp 00000000 08:01 26088457                           /usr/lib/jvm/java-8-oracle/bin/java
00600000-00601000 rw-p 00000000 08:01 26088457                           /usr/lib/jvm/java-8-oracle/bin/java
00e58000-00e79000 rw-p 00000000 00:00 0                                  [heap]
84c00000-89f00000 rw-p 00000000 00:00 0 
89f00000-d6f00000 ---p 00000000 00:00 0 
d6f00000-e4b00000 rw-p 00000000 00:00 0 
ec200000-100000000 ---p 00000000 00:00 0 
100000000-100260000 rw-p 00000000 00:00 0 
100260000-140000000 ---p 00000000 00:00 0 
7f1238000000-7f1238021000 rw-p 00000000 00:00 0 
7f1238021000-7f123c000000 ---p 00000000 00:00 0 
7f1240000000-7f1240059000 rw-p 00000000 00:00 0 
7f1240059000-7f1244000000 ---p 00000000 00:00 0 
7f1244000000-7f1244021000 rw-p 00000000 00:00 0 
7f1244021000-7f1248000000 ---p 00000000 00:00 0 
7f124b0bf000-7f124b1bf000 rw-p 00000000 00:00 0 
7f124b1bf000-7f124b2bf000 ---p 00000000 00:00 0 
7f124b2bf000-7f124b2c2000 ---p 00000000 00:00 0 
7f124b2c2000-7f124b3c0000 rw-p 00000000 00:00 0 
7f124b3c0000-7f124b3d7000 r-xp 00000000 08:01 20189902                   /lib/x86_64-linux-gnu/libresolv-2.23.so
7f124b3d7000-7f124b5d7000 ---p 00017000 08:01 20189902                   /lib/x86_64-linux-gnu/libresolv-2.23.so
7f124b5d7000-7f124b5d8000 r--p 00017000 08:01 20189902                   /lib/x86_64-linux-gnu/libresolv-2.23.so
7f124b5d8000-7f124b5d9000 rw-p 00018000 08:01 20189902                   /lib/x86_64-linux-gnu/libresolv-2.23.so
7f124b5d9000-7f124b5db000 rw-p 00000000 00:00 0 
7f124b5db000-7f124b5e0000 r-xp 00000000 08:01 20189847                   /lib/x86_64-linux-gnu/libnss_dns-2.23.so
7f124b5e0000-7f124b7e0000 ---p 00005000 08:01 20189847                   /lib/x86_64-linux-gnu/libnss_dns-2.23.so
7f124b7e0000-7f124b7e1000 r--p 00005000 08:01 20189847                   /lib/x86_64-linux-gnu/libnss_dns-2.23.so
7f124b7e1000-7f124b7e2000 rw-p 00006000 08:01 20189847                   /lib/x86_64-linux-gnu/libnss_dns-2.23.so
7f124b7e2000-7f124b7e4000 r-xp 00000000 08:01 20189855                   /lib/x86_64-linux-gnu/libnss_mdns4_minimal.so.2
7f124b7e4000-7f124b9e3000 ---p 00002000 08:01 20189855                   /lib/x86_64-linux-gnu/libnss_mdns4_minimal.so.2
7f124b9e3000-7f124b9e4000 r--p 00001000 08:01 20189855                   /lib/x86_64-linux-gnu/libnss_mdns4_minimal.so.2
7f124b9e4000-7f124b9e5000 rw-p 00002000 08:01 20189855                   /lib/x86_64-linux-gnu/libnss_mdns4_minimal.so.2
7f124b9e5000-7f124bbe5000 rw-p 00000000 00:00 0 
7f124bc00000-7f124be00000 rw-p 00000000 00:00 0 
7f124be00000-7f124c000000 rw-p 00000000 00:00 0 
7f124c000000-7f124c885000 rw-p 00000000 00:00 0 
7f124c885000-7f1250000000 ---p 00000000 00:00 0 
7f1250000000-7f1250021000 rw-p 00000000 00:00 0 
7f1250021000-7f1254000000 ---p 00000000 00:00 0 
7f1254000000-7f1254021000 rw-p 00000000 00:00 0 
7f1254021000-7f1258000000 ---p 00000000 00:00 0 
7f1258000000-7f1258031000 rw-p 00000000 00:00 0 
7f1258031000-7f125c000000 ---p 00000000 00:00 0 
7f125c000000-7f125c6b7000 rw-p 00000000 00:00 0 
7f125c6b7000-7f1260000000 ---p 00000000 00:00 0 
7f1260000000-7f1260021000 rw-p 00000000 00:00 0 
7f1260021000-7f1264000000 ---p 00000000 00:00 0 
7f1264000000-7f12653ee000 rw-p 00000000 00:00 0 
7f12653ee000-7f1268000000 ---p 00000000 00:00 0 
7f1268000000-7f1268ddc000 rw-p 00000000 00:00 0 
7f1268ddc000-7f126c000000 ---p 00000000 00:00 0 
7f126c000000-7f126c021000 rw-p 00000000 00:00 0 
7f126c021000-7f1270000000 ---p 00000000 00:00 0 
7f12700dd000-7f12700e0000 ---p 00000000 00:00 0 
7f12700e0000-7f12703de000 rw-p 00000000 00:00 0 
7f12703de000-7f12703e1000 ---p 00000000 00:00 0 
7f12703e1000-7f12704df000 rw-p 00000000 00:00 0 
7f12704df000-7f12704e2000 ---p 00000000 00:00 0 
7f12704e2000-7f12705e0000 rw-p 00000000 00:00 0 
7f12705e0000-7f12705e3000 ---p 00000000 00:00 0 
7f12705e3000-7f12706e1000 rw-p 00000000 00:00 0 
7f12706e1000-7f12706e4000 ---p 00000000 00:00 0 
7f12706e4000-7f12737e3000 rw-p 00000000 00:00 0 
7f12737e3000-7f12737f9000 r-xp 00000000 08:01 26740998                   /usr/lib/jvm/java-8-oracle/jre/lib/amd64/libnet.so
7f12737f9000-7f12739f9000 ---p 00016000 08:01 26740998                   /usr/lib/jvm/java-8-oracle/jre/lib/amd64/libnet.so
7f12739f9000-7f12739fa000 rw-p 00016000 08:01 26740998                   /usr/lib/jvm/java-8-oracle/jre/lib/amd64/libnet.so
7f12739fa000-7f12739fb000 ---p 00000000 00:00 0 
7f12739fb000-7f1273afb000 rw-p 00000000 00:00 0 
7f1273afb000-7f1273afe000 ---p 00000000 00:00 0 
7f1273afe000-7f1273bfc000 rw-p 00000000 00:00 0 
7f1273bfc000-7f1273bff000 ---p 00000000 00:00 0 
7f1273bff000-7f1273cfd000 rw-p 00000000 00:00 0 
7f1273cfd000-7f1273d00000 ---p 00000000 00:00 0 
7f1273d00000-7f1273dfe000 rw-p 00000000 00:00 0 
7f1273dfe000-7f1273e01000 ---p 00000000 00:00 0 
7f1273e01000-7f1273eff000 rw-p 00000000 00:00 0 
7f1273eff000-7f1273f02000 ---p 00000000 00:00 0 
7f1273f02000-7f1274000000 rw-p 00000000 00:00 0 
7f1274000000-7f1274021000 rw-p 00000000 00:00 0 
7f1274021000-7f1278000000 ---p 00000000 00:00 0 
7f1278000000-7f1278021000 rw-p 00000000 00:00 0 
7f1278021000-7f127c000000 ---p 00000000 00:00 0 
7f127c000000-7f127c021000 rw-p 00000000 00:00 0 
7f127c021000-7f1280000000 ---p 00000000 00:00 0 
7f1280000000-7f1280293000 rw-p 00000000 00:00 0 
7f1280293000-7f1284000000 ---p 00000000 00:00 0 
7f1284000000-7f1284021000 rw-p 00000000 00:00 0 
7f1284021000-7f1288000000 ---p 00000000 00:00 0 
7f1288000000-7f1288021000 rw-p 00000000 00:00 0 
7f1288021000-7f128c000000 ---p 00000000 00:00 0 
7f128c000000-7f128c021000 rw-p 00000000 00:00 0 
7f128c021000-7f1290000000 ---p 00000000 00:00 0 
7f1290075000-7f1290077000 r--s 00001000 08:01 26740844                   /usr/lib/jvm/java-8-oracle/jre/lib/ext/dnsns.jar
7f1290077000-7f1290079000 r--s 00006000 08:01 42342458                   /home/majid/.m2/repository/javax/json/javax.json-api/1.1.4/javax.json-api-1.1.4.jar
7f1290079000-7f129007a000 r--s 00005000 08:01 41419949                   /home/majid/.m2/repository/com/googlecode/json-simple/json-simple/1.1.1/json-simple-1.1.1.jar
7f129007a000-7f129007f000 r--s 0003c000 08:01 37749738                   /home/majid/.m2/repository/org/springframework/spring-expression/4.2.1.RELEASE/spring-expression-4.2.1.RELEASE.jar
7f129007f000-7f1290081000 r--s 00000000 08:01 37617772                   /home/majid/.m2/repository/aopalliance/aopalliance/1.0/aopalliance-1.0.jar
7f1290081000-7f1290099000 r--s 000f1000 08:01 37749734                   /home/majid/.m2/repository/org/springframework/spring-context/4.2.1.RELEASE/spring-context-4.2.1.RELEASE.jar
7f1290099000-7f1290a58000 r--p 00000000 08:01 25959205                   /usr/lib/locale/locale-archive
7f1290a58000-7f1290a5b000 ---p 00000000 00:00 0 
7f1290a5b000-7f1290b59000 rw-p 00000000 00:00 0 
7f1290b59000-7f1290b5c000 ---p 00000000 00:00 0 
7f1290b5c000-7f1290c5a000 rw-p 00000000 00:00 0 
7f1290c5a000-7f1290c5b000 ---p 00000000 00:00 0 
7f1290c5b000-7f1295000000 rw-p 00000000 00:00 0 
7f1295000000-7f1295a20000 rwxp 00000000 00:00 0 
7f1295a20000-7f12a4000000 ---p 00000000 00:00 0 
7f12a4000000-7f12a41c0000 rw-p 00000000 00:00 0 
7f12a41c0000-7f12a8000000 ---p 00000000 00:00 0 
7f12a8000000-7f12a8009000 r--s 00051000 08:01 37749736                   /home/majid/.m2/repository/org/springframework/spring-aop/4.2.1.RELEASE/spring-aop-4.2.1.RELEASE.jar
7f12a8009000-7f12a8012000 r--s 00052000 08:01 37749732                   /home/majid/.m2/repository/org/springframework/spring-messaging/4.2.1.RELEASE/spring-messaging-4.2.1.RELEASE.jar
7f12a8012000-7f12a8014000 r--s 0000e000 08:01 37617766                   /home/majid/.m2/repository/commons-logging/commons-logging/1.2/commons-logging-1.2.jar
7f12a8014000-7f12a8029000 r--s 000f0000 08:01 37749730                   /home/majid/.m2/repository/org/springframework/spring-core/4.2.1.RELEASE/spring-core-4.2.1.RELEASE.jar
7f12a8029000-7f12a8037000 r--s 000a5000 08:01 37749728                   /home/majid/.m2/repository/org/springframework/spring-beans/4.2.1.RELEASE/spring-beans-4.2.1.RELEASE.jar
7f12a8037000-7f12a803e000 r--s 0003a000 08:01 37749726                   /home/majid/.m2/repository/org/springframework/spring-tx/4.2.1.RELEASE/spring-tx-4.2.1.RELEASE.jar
7f12a803e000-7f12a8049000 r--s 000b3000 08:01 37750077                   /home/majid/.m2/repository/org/tinyjee/jgraphx/jgraphx/1.10.1.3/jgraphx-1.10.1.3.jar
7f12a8049000-7f12a8060000 r--s 00336000 08:01 37881576                   /home/majid/workspace/RegressionTesting/src/main/resources/jarFiles/uml-5.3.0.v20170605.jar
7f12a8060000-7f12a8069000 r--s 0003d000 08:01 37618594                   /home/majid/.m2/repository/org/springframework/statemachine/spring-statemachine-core/1.0.0.RELEASE/spring-statemachine-core-1.0.0.RELEASE.jar
7f12a8069000-7f12a806a000 r--s 0000f000 08:01 37881599                   /home/majid/workspace/RegressionTesting/src/main/resources/jarFiles/json-20190722.jar
7f12a806a000-7f12a806f000 r--s 00034000 08:01 37881598                   /home/majid/workspace/RegressionTesting/src/main/resources/jarFiles/gson-2.8.2.jar
7f12a806f000-7f12a8073000 r--s 00018000 08:01 37881591                   /home/majid/workspace/RegressionTesting/src/main/resources/jarFiles/org.eclipse.papyrusrt.umlrt.core_0.7.0.201509011319.jar
7f12a8073000-7f12a8076000 r--s 00011000 08:01 37881593                   /home/majid/workspace/RegressionTesting/src/main/resources/jarFiles/org.eclipse.papyrusrt.umlrt.core.source_0.7.0.201509011319.jar
7f12a8076000-7f12a8090000 r--s 001e2000 08:01 37881596                   /home/majid/workspace/RegressionTesting/src/main/resources/jarFiles/antlr-4.7.2-complete.jar
7f12a8090000-7f12a8092000 r--s 0000c000 08:01 35653282                   /home/majid/.p2/pool/plugins/org.hamcrest.core_1.3.0.v201303031735.jar
7f12a8092000-7f12a809a000 r--s 00045000 08:01 35654295                   /home/majid/.p2/pool/plugins/org.junit_4.12.0.v201504281640/junit.jar
7f12a809a000-7f12a809c000 r--s 00004000 08:01 37881584                   /home/majid/workspace/RegressionTesting/src/main/resources/jarFiles/microprofile-metrics-api-1.0.1.jar
7f12a809c000-7f12a809d000 r--s 00004000 08:01 37881577                   /home/majid/workspace/RegressionTesting/src/main/resources/jarFiles/types-2.0.0.v20170605.jar
7f12a809d000-7f12a809f000 r--s 0003f000 08:01 37881578                   /home/majid/workspace/RegressionTesting/src/main/resources/jarFiles/resources-5.3.0.v20170605.jar
7f12a809f000-7f12a80a3000 r--s 0001e000 08:01 37881579                   /home/majid/workspace/RegressionTesting/src/main/resources/jarFiles/profile.standard-1.0.100.v20170605.jar
7f12a80a3000-7f12a80a7000 r--s 00019000 08:01 37881580                   /home/majid/workspace/RegressionTesting/src/main/resources/jarFiles/profile-1.0.0.201707181432.jar
7f12a80a7000-7f12a80a9000 r--s 00008000 08:01 37881585                   /home/majid/workspace/RegressionTesting/src/main/resources/jarFiles/mapping.ecore2xml-2.9.0.v20170609.jar
7f12a80a9000-7f12a80ad000 r--s 00035000 08:01 37881587                   /home/majid/workspace/RegressionTesting/src/main/resources/jarFiles/ecore.xmi-2.13.0.v20170609.jar
7f12a80ad000-7f12a80b0000 r--s 0001a000 08:01 26611726                   /usr/lib/jvm/java-8-oracle/jre/lib/jce.jar
7f12a80b0000-7f12a80b5000 r--s 0009d000 08:01 26611720                   /usr/lib/jvm/java-8-oracle/jre/lib/jsse.jar
7f12a80b5000-7f12a80c7000 r--s 00114000 08:01 37881588                   /home/majid/workspace/RegressionTesting/src/main/resources/jarFiles/ecore-2.13.0.v20170609.jar
7f12a80c7000-7f12a80ce000 r--s 00051000 08:01 37881589                   /home/majid/workspace/RegressionTesting/src/main/resources/jarFiles/common-2.13.0.v20170609.jar
7f12a80ce000-7f12a80d3000 r--s 00084000 08:01 26611665                   /usr/lib/jvm/java-8-oracle/jre/lib/jfr.jar
7f12a80d3000-7f12a8bb0000 rw-p 00000000 00:00 0 
7f12a8bb0000-7f12a8d8a000 r--s 03d6b000 08:01 26611715                   /usr/lib/jvm/java-8-oracle/jre/lib/rt.jar
7f12a8d8a000-7f12a95c0000 rw-p 00000000 00:00 0 
7f12a95c0000-7f12a9600000 ---p 00000000 00:00 0 
7f12a9600000-7f12a99da000 rw-p 00000000 00:00 0 
7f12a99da000-7f12a99db000 ---p 00000000 00:00 0 
7f12a99db000-7f12a9adb000 rw-p 00000000 00:00 0 
7f12a9adb000-7f12a9adc000 ---p 00000000 00:00 0 
7f12a9adc000-7f12a9bdc000 rw-p 00000000 00:00 0 
7f12a9bdc000-7f12a9bdd000 ---p 00000000 00:00 0 
7f12a9bdd000-7f12a9cdd000 rw-p 00000000 00:00 0 
7f12a9cdd000-7f12a9cde000 ---p 00000000 00:00 0 
7f12a9cde000-7f12a9e08000 rw-p 00000000 00:00 0 
7f12a9e08000-7f12aa070000 ---p 00000000 00:00 0 
7f12aa070000-7f12aa09a000 rw-p 00000000 00:00 0 
7f12aa09a000-7f12aa301000 ---p 00000000 00:00 0 
7f12aa301000-7f12aa370000 rw-p 00000000 00:00 0 
7f12aa370000-7f12aa44a000 ---p 00000000 00:00 0 
7f12aa44a000-7f12aa474000 rw-p 00000000 00:00 0 
7f12aa474000-7f12aa80b000 ---p 00000000 00:00 0 
7f12aa80b000-7f12aa826000 r-xp 00000000 08:01 26740994                   /usr/lib/jvm/java-8-oracle/jre/lib/amd64/libzip.so
7f12aa826000-7f12aaa26000 ---p 0001b000 08:01 26740994                   /usr/lib/jvm/java-8-oracle/jre/lib/amd64/libzip.so
7f12aaa26000-7f12aaa27000 rw-p 0001b000 08:01 26740994                   /usr/lib/jvm/java-8-oracle/jre/lib/amd64/libzip.so
7f12aaa27000-7f12aaa32000 r-xp 00000000 08:01 20189849                   /lib/x86_64-linux-gnu/libnss_files-2.23.so
7f12aaa32000-7f12aac31000 ---p 0000b000 08:01 20189849                   /lib/x86_64-linux-gnu/libnss_files-2.23.so
7f12aac31000-7f12aac32000 r--p 0000a000 08:01 20189849                   /lib/x86_64-linux-gnu/libnss_files-2.23.so
7f12aac32000-7f12aac33000 rw-p 0000b000 08:01 20189849                   /lib/x86_64-linux-gnu/libnss_files-2.23.so
7f12aac33000-7f12aac39000 rw-p 00000000 00:00 0 
7f12aac39000-7f12aac44000 r-xp 00000000 08:01 20189859                   /lib/x86_64-linux-gnu/libnss_nis-2.23.so
7f12aac44000-7f12aae43000 ---p 0000b000 08:01 20189859                   /lib/x86_64-linux-gnu/libnss_nis-2.23.so
7f12aae43000-7f12aae44000 r--p 0000a000 08:01 20189859                   /lib/x86_64-linux-gnu/libnss_nis-2.23.so
7f12aae44000-7f12aae45000 rw-p 0000b000 08:01 20189859                   /lib/x86_64-linux-gnu/libnss_nis-2.23.so
7f12aae45000-7f12aae5b000 r-xp 00000000 08:01 20189843                   /lib/x86_64-linux-gnu/libnsl-2.23.so
7f12aae5b000-7f12ab05a000 ---p 00016000 08:01 20189843                   /lib/x86_64-linux-gnu/libnsl-2.23.so
7f12ab05a000-7f12ab05b000 r--p 00015000 08:01 20189843                   /lib/x86_64-linux-gnu/libnsl-2.23.so
7f12ab05b000-7f12ab05c000 rw-p 00016000 08:01 20189843                   /lib/x86_64-linux-gnu/libnsl-2.23.so
7f12ab05c000-7f12ab05e000 rw-p 00000000 00:00 0 
7f12ab05e000-7f12ab066000 r-xp 00000000 08:01 20189845                   /lib/x86_64-linux-gnu/libnss_compat-2.23.so
7f12ab066000-7f12ab265000 ---p 00008000 08:01 20189845                   /lib/x86_64-linux-gnu/libnss_compat-2.23.so
7f12ab265000-7f12ab266000 r--p 00007000 08:01 20189845                   /lib/x86_64-linux-gnu/libnss_compat-2.23.so
7f12ab266000-7f12ab267000 rw-p 00008000 08:01 20189845                   /lib/x86_64-linux-gnu/libnss_compat-2.23.so
7f12ab267000-7f12ab292000 r-xp 00000000 08:01 26740988                   /usr/lib/jvm/java-8-oracle/jre/lib/amd64/libjava.so
7f12ab292000-7f12ab491000 ---p 0002b000 08:01 26740988                   /usr/lib/jvm/java-8-oracle/jre/lib/amd64/libjava.so
7f12ab491000-7f12ab493000 rw-p 0002a000 08:01 26740988                   /usr/lib/jvm/java-8-oracle/jre/lib/amd64/libjava.so
7f12ab493000-7f12ab4a0000 r-xp 00000000 08:01 26740993                   /usr/lib/jvm/java-8-oracle/jre/lib/amd64/libverify.so
7f12ab4a0000-7f12ab6a0000 ---p 0000d000 08:01 26740993                   /usr/lib/jvm/java-8-oracle/jre/lib/amd64/libverify.so
7f12ab6a0000-7f12ab6a2000 rw-p 0000d000 08:01 26740993                   /usr/lib/jvm/java-8-oracle/jre/lib/amd64/libverify.so
7f12ab6a2000-7f12ab6a9000 r-xp 00000000 08:01 20189904                   /lib/x86_64-linux-gnu/librt-2.23.so
7f12ab6a9000-7f12ab8a8000 ---p 00007000 08:01 20189904                   /lib/x86_64-linux-gnu/librt-2.23.so
7f12ab8a8000-7f12ab8a9000 r--p 00006000 08:01 20189904                   /lib/x86_64-linux-gnu/librt-2.23.so
7f12ab8a9000-7f12ab8aa000 rw-p 00007000 08:01 20189904                   /lib/x86_64-linux-gnu/librt-2.23.so
7f12ab8aa000-7f12ab9b2000 r-xp 00000000 08:01 20189820                   /lib/x86_64-linux-gnu/libm-2.23.so
7f12ab9b2000-7f12abbb1000 ---p 00108000 08:01 20189820                   /lib/x86_64-linux-gnu/libm-2.23.so
7f12abbb1000-7f12abbb2000 r--p 00107000 08:01 20189820                   /lib/x86_64-linux-gnu/libm-2.23.so
7f12abbb2000-7f12abbb3000 rw-p 00108000 08:01 20189820                   /lib/x86_64-linux-gnu/libm-2.23.so
7f12abbb3000-7f12ac88f000 r-xp 00000000 08:01 26740970                   /usr/lib/jvm/java-8-oracle/jre/lib/amd64/server/libjvm.so
7f12ac88f000-7f12aca8f000 ---p 00cdc000 08:01 26740970                   /usr/lib/jvm/java-8-oracle/jre/lib/amd64/server/libjvm.so
7f12aca8f000-7f12acb69000 rw-p 00cdc000 08:01 26740970                   /usr/lib/jvm/java-8-oracle/jre/lib/amd64/server/libjvm.so
7f12acb69000-7f12acbb4000 rw-p 00000000 00:00 0 
7f12acbb4000-7f12acd74000 r-xp 00000000 08:01 20189750                   /lib/x86_64-linux-gnu/libc-2.23.so
7f12acd74000-7f12acf74000 ---p 001c0000 08:01 20189750                   /lib/x86_64-linux-gnu/libc-2.23.so
7f12acf74000-7f12acf78000 r--p 001c0000 08:01 20189750                   /lib/x86_64-linux-gnu/libc-2.23.so
7f12acf78000-7f12acf7a000 rw-p 001c4000 08:01 20189750                   /lib/x86_64-linux-gnu/libc-2.23.so
7f12acf7a000-7f12acf7e000 rw-p 00000000 00:00 0 
7f12acf7e000-7f12acf81000 r-xp 00000000 08:01 20189774                   /lib/x86_64-linux-gnu/libdl-2.23.so
7f12acf81000-7f12ad180000 ---p 00003000 08:01 20189774                   /lib/x86_64-linux-gnu/libdl-2.23.so
7f12ad180000-7f12ad181000 r--p 00002000 08:01 20189774                   /lib/x86_64-linux-gnu/libdl-2.23.so
7f12ad181000-7f12ad182000 rw-p 00003000 08:01 20189774                   /lib/x86_64-linux-gnu/libdl-2.23.so
7f12ad182000-7f12ad198000 r-xp 00000000 08:01 26611615                   /usr/lib/jvm/java-8-oracle/lib/amd64/jli/libjli.so
7f12ad198000-7f12ad397000 ---p 00016000 08:01 26611615                   /usr/lib/jvm/java-8-oracle/lib/amd64/jli/libjli.so
7f12ad397000-7f12ad398000 rw-p 00015000 08:01 26611615                   /usr/lib/jvm/java-8-oracle/lib/amd64/jli/libjli.so
7f12ad398000-7f12ad3b0000 r-xp 00000000 08:01 20189896                   /lib/x86_64-linux-gnu/libpthread-2.23.so
7f12ad3b0000-7f12ad5af000 ---p 00018000 08:01 20189896                   /lib/x86_64-linux-gnu/libpthread-2.23.so
7f12ad5af000-7f12ad5b0000 r--p 00017000 08:01 20189896                   /lib/x86_64-linux-gnu/libpthread-2.23.so
7f12ad5b0000-7f12ad5b1000 rw-p 00018000 08:01 20189896                   /lib/x86_64-linux-gnu/libpthread-2.23.so
7f12ad5b1000-7f12ad5b5000 rw-p 00000000 00:00 0 
7f12ad5b5000-7f12ad5db000 r-xp 00000000 08:01 20189722                   /lib/x86_64-linux-gnu/ld-2.23.so
7f12ad5db000-7f12ad5de000 r--s 00014000 08:01 37881590                   /home/majid/workspace/RegressionTesting/src/main/resources/jarFiles/common-2.1.0.v20170605.jar
7f12ad5de000-7f12ad5e3000 r--s 002f9000 08:01 26611713                   /usr/lib/jvm/java-8-oracle/jre/lib/charsets.jar
7f12ad5e3000-7f12ad5e8000 r--s 0009d000 08:01 26611720                   /usr/lib/jvm/java-8-oracle/jre/lib/jsse.jar
7f12ad5e8000-7f12ad6b3000 rw-p 00000000 00:00 0 
7f12ad6b3000-7f12ad6b6000 ---p 00000000 00:00 0 
7f12ad6b6000-7f12ad7b9000 rw-p 00000000 00:00 0 
7f12ad7b9000-7f12ad7ba000 r--s 00002000 08:01 37881586                   /home/majid/workspace/RegressionTesting/src/main/resources/jarFiles/emf-2.6.0.v20170609.jar
7f12ad7ba000-7f12ad7bd000 r--s 0001a000 08:01 26611726                   /usr/lib/jvm/java-8-oracle/jre/lib/jce.jar
7f12ad7bd000-7f12ad7d0000 r--s 00345000 08:01 26611719                   /usr/lib/jvm/java-8-oracle/jre/lib/resources.jar
7f12ad7d0000-7f12ad7d8000 rw-s 00000000 08:01 2359328                    /tmp/hsperfdata_majid/19507
7f12ad7d8000-7f12ad7d9000 rw-p 00000000 00:00 0 
7f12ad7d9000-7f12ad7da000 ---p 00000000 00:00 0 
7f12ad7da000-7f12ad7db000 r--p 00025000 08:01 20189722                   /lib/x86_64-linux-gnu/ld-2.23.so
7f12ad7db000-7f12ad7dc000 rw-p 00026000 08:01 20189722                   /lib/x86_64-linux-gnu/ld-2.23.so
7f12ad7dc000-7f12ad7dd000 rw-p 00000000 00:00 0 
7ffcabbb3000-7ffcabbd5000 rw-p 00000000 00:00 0                          [stack]
7ffcabbd9000-7ffcabbdc000 r--p 00000000 00:00 0                          [vvar]
7ffcabbdc000-7ffcabbde000 r-xp 00000000 00:00 0                          [vdso]
ffffffffff600000-ffffffffff601000 r-xp 00000000 00:00 0                  [vsyscall]

VM Arguments:
jvm_args: -Dfile.encoding=UTF-8 
java_command: ca.queensu.cs.controller.Controller view
java_class_path (initial): /usr/lib/jvm/java-8-oracle/jre/lib/resources.jar:/usr/lib/jvm/java-8-oracle/jre/lib/rt.jar:/usr/lib/jvm/java-8-oracle/jre/lib/jsse.jar:/usr/lib/jvm/java-8-oracle/jre/lib/jce.jar:/usr/lib/jvm/java-8-oracle/jre/lib/charsets.jar:/usr/lib/jvm/java-8-oracle/jre/lib/jfr.jar:/usr/lib/jvm/java-8-oracle/jre/lib/ext/sunpkcs11.jar:/usr/lib/jvm/java-8-oracle/jre/lib/ext/jfxrt.jar:/usr/lib/jvm/java-8-oracle/jre/lib/ext/jaccess.jar:/usr/lib/jvm/java-8-oracle/jre/lib/ext/dnsns.jar:/usr/lib/jvm/java-8-oracle/jre/lib/ext/cldrdata.jar:/usr/lib/jvm/java-8-oracle/jre/lib/ext/zipfs.jar:/usr/lib/jvm/java-8-oracle/jre/lib/ext/localedata.jar:/usr/lib/jvm/java-8-oracle/jre/lib/ext/sunec.jar:/usr/lib/jvm/java-8-oracle/jre/lib/ext/sunjce_provider.jar:/usr/lib/jvm/java-8-oracle/jre/lib/ext/nashorn.jar:/home/majid/workspace/RegressionTesting/target/classes:/home/majid/workspace/RegressionTesting/src/main/resources/jarFiles/common-2.1.0.v20170605.jar:/home/majid/workspace/RegressionTesting/src/main/resources/jarFiles/common-2.13.0.v20170609.jar:/home/majid/workspace/RegressionTesting/src/main/resources/jarFiles/ecore-2.13.0.v20170609.jar:/home/majid/workspace/RegressionTesting/src/main/resources/jarFiles/ecore.xmi-2.13.0.v20170609.jar:/home/majid/workspace/RegressionTesting/src/main/resources/jarFiles/emf-2.6.0.v20170609.jar:/home/majid/workspace/RegressionTesting/src/main/resources/jarFiles/mapping.ecore2xml-2.9.0.v20170609.jar:/home/majid/workspace/RegressionTesting/src/main/resources/jarFiles/profile-1.0.0.201707181432.jar:/home/majid/workspace/RegressionTesting/src/main/resources/jarFiles/profile.standard-1.0.100.v20170605.jar:/home/majid/workspace/RegressionTesting/src/main/resources/jarFiles/resources-5.3.0.v20170605.jar:/home/majid/workspace/RegressionTesting/src/main/resources/jarFiles/types-2.0.0.v20170605.jar:/home/majid/workspace/RegressionTesting/src/main/resources/jarFiles/uml-5.3.0.v20170605.jar:/home/majid/workspace/RegressionTesting/src/main/resources
Launcher Type: SUN_STANDARD

Environment Variables:
JAVA_HOME=/usr/lib/jvm/java-8-oracle
PATH=/home/majid/bin:/home/majid/.local/bin:/usr/local/sbin:/usr/local/bin:/usr/sbin:/usr/bin:/sbin:/bin:/usr/games:/usr/local/games:/snap/bin:/usr/lib/jvm/java-8-oracle/bin:/usr/lib/jvm/java-8-oracle/db/bin:/usr/lib/jvm/java-8-oracle/jre/bin
SHELL=/bin/bash
DISPLAY=:0

Signal Handlers:
SIGSEGV: [libjvm.so+0xad2a40], sa_mask[0]=11111111011111111101111111111110, sa_flags=SA_RESTART|SA_SIGINFO
SIGBUS: [libjvm.so+0xad2a40], sa_mask[0]=11111111011111111101111111111110, sa_flags=SA_RESTART|SA_SIGINFO
SIGFPE: [libjvm.so+0x92a610], sa_mask[0]=11111111011111111101111111111110, sa_flags=SA_RESTART|SA_SIGINFO
SIGPIPE: [libjvm.so+0x92a610], sa_mask[0]=11111111011111111101111111111110, sa_flags=SA_RESTART|SA_SIGINFO
SIGXFSZ: [libjvm.so+0x92a610], sa_mask[0]=11111111011111111101111111111110, sa_flags=SA_RESTART|SA_SIGINFO
SIGILL: [libjvm.so+0x92a610], sa_mask[0]=11111111011111111101111111111110, sa_flags=SA_RESTART|SA_SIGINFO
SIGUSR1: SIG_DFL, sa_mask[0]=00000000000000000000000000000000, sa_flags=none
SIGUSR2: [libjvm.so+0x92be70], sa_mask[0]=00100000000000000000000000000000, sa_flags=SA_RESTART|SA_SIGINFO
SIGHUP: [libjvm.so+0x92d270], sa_mask[0]=11111111011111111101111111111110, sa_flags=SA_RESTART|SA_SIGINFO
SIGINT: [libjvm.so+0x92d270], sa_mask[0]=11111111011111111101111111111110, sa_flags=SA_RESTART|SA_SIGINFO
SIGTERM: [libjvm.so+0x92d270], sa_mask[0]=11111111011111111101111111111110, sa_flags=SA_RESTART|SA_SIGINFO
SIGQUIT: [libjvm.so+0x92d270], sa_mask[0]=11111111011111111101111111111110, sa_flags=SA_RESTART|SA_SIGINFO


---------------  S Y S T E M  ---------------

OS:DISTRIB_ID=Ubuntu
DISTRIB_RELEASE=16.04
DISTRIB_CODENAME=xenial
DISTRIB_DESCRIPTION="Ubuntu 16.04.5 LTS"

uname:Linux 4.15.0-70-generic #79~16.04.1-Ubuntu SMP Tue Nov 12 14:01:10 UTC 2019 x86_64
libc:glibc 2.23 NPTL 2.23 
rlimit: STACK 8192k, CORE 0k, NPROC 31284, NOFILE 1048576, AS infinity
load average:22.00 9.69 7.01

/proc/meminfo:
MemTotal:        8069840 kB
MemFree:          136532 kB
MemAvailable:      47404 kB
Buffers:            1024 kB
Cached:           589584 kB
SwapCached:         2980 kB
Active:          6604524 kB
Inactive:        1010224 kB
Active(anon):    6585792 kB
Inactive(anon):   988628 kB
Active(file):      18732 kB
Inactive(file):    21596 kB
Unevictable:          96 kB
Mlocked:              96 kB
SwapTotal:        999420 kB
SwapFree:              0 kB
Dirty:               320 kB
Writeback:             4 kB
AnonPages:       7021556 kB
Mapped:           242608 kB
Shmem:            550028 kB
Slab:             148308 kB
SReclaimable:      57692 kB
SUnreclaim:        90616 kB
KernelStack:       17856 kB
PageTables:        84856 kB
NFS_Unstable:          0 kB
Bounce:                0 kB
WritebackTmp:          0 kB
CommitLimit:     5034340 kB
Committed_AS:   16792516 kB
VmallocTotal:   34359738367 kB
VmallocUsed:           0 kB
VmallocChunk:          0 kB
HardwareCorrupted:     0 kB
AnonHugePages:         0 kB
ShmemHugePages:        0 kB
ShmemPmdMapped:        0 kB
CmaTotal:              0 kB
CmaFree:               0 kB
HugePages_Total:       0
HugePages_Free:        0
HugePages_Rsvd:        0
HugePages_Surp:        0
Hugepagesize:       2048 kB
DirectMap4k:      300596 kB
DirectMap2M:     7989248 kB
DirectMap1G:     1048576 kB


CPU:total 4 (initial active 4) (4 cores per cpu, 1 threads per core) family 6 model 94 stepping 3, cmov, cx8, fxsr, mmx, sse, sse2, sse3, ssse3, sse4.1, sse4.2, popcnt, avx, avx2, aes, clmul, erms, 3dnowpref, lzcnt, tsc, tscinvbit, bmi1, bmi2, adx

/proc/cpuinfo:
processor	: 0
vendor_id	: GenuineIntel
cpu family	: 6
model		: 94
model name	: Intel(R) Core(TM) i5-6400 CPU @ 2.70GHz
stepping	: 3
microcode	: 0xd6
cpu MHz		: 3100.074
cache size	: 6144 KB
physical id	: 0
siblings	: 4
core id		: 0
cpu cores	: 4
apicid		: 0
initial apicid	: 0
fpu		: yes
fpu_exception	: yes
cpuid level	: 22
wp		: yes
flags		: fpu vme de pse tsc msr pae mce cx8 apic sep mtrr pge mca cmov pat pse36 clflush dts acpi mmx fxsr sse sse2 ss ht tm pbe syscall nx pdpe1gb rdtscp lm constant_tsc art arch_perfmon pebs bts rep_good nopl xtopology nonstop_tsc cpuid aperfmperf tsc_known_freq pni pclmulqdq dtes64 monitor ds_cpl vmx est tm2 ssse3 sdbg fma cx16 xtpr pdcm pcid sse4_1 sse4_2 x2apic movbe popcnt tsc_deadline_timer aes xsave avx f16c rdrand lahf_lm abm 3dnowprefetch cpuid_fault epb invpcid_single pti ssbd ibrs ibpb stibp tpr_shadow vnmi flexpriority ept vpid fsgsbase tsc_adjust bmi1 avx2 smep bmi2 erms invpcid mpx rdseed adx smap clflushopt intel_pt xsaveopt xsavec xgetbv1 xsaves dtherm ida arat pln pts hwp hwp_notify hwp_act_window hwp_epp md_clear flush_l1d
bugs		: cpu_meltdown spectre_v1 spectre_v2 spec_store_bypass l1tf mds swapgs itlb_multihit
bogomips	: 5424.00
clflush size	: 64
cache_alignment	: 64
address sizes	: 39 bits physical, 48 bits virtual
power management:

processor	: 1
vendor_id	: GenuineIntel
cpu family	: 6
model		: 94
model name	: Intel(R) Core(TM) i5-6400 CPU @ 2.70GHz
stepping	: 3
microcode	: 0xd6
cpu MHz		: 3120.710
cache size	: 6144 KB
physical id	: 0
siblings	: 4
core id		: 1
cpu cores	: 4
apicid		: 2
initial apicid	: 2
fpu		: yes
fpu_exception	: yes
cpuid level	: 22
wp		: yes
flags		: fpu vme de pse tsc msr pae mce cx8 apic sep mtrr pge mca cmov pat pse36 clflush dts acpi mmx fxsr sse sse2 ss ht tm pbe syscall nx pdpe1gb rdtscp lm constant_tsc art arch_perfmon pebs bts rep_good nopl xtopology nonstop_tsc cpuid aperfmperf tsc_known_freq pni pclmulqdq dtes64 monitor ds_cpl vmx est tm2 ssse3 sdbg fma cx16 xtpr pdcm pcid sse4_1 sse4_2 x2apic movbe popcnt tsc_deadline_timer aes xsave avx f16c rdrand lahf_lm abm 3dnowprefetch cpuid_fault epb invpcid_single pti ssbd ibrs ibpb stibp tpr_shadow vnmi flexpriority ept vpid fsgsbase tsc_adjust bmi1 avx2 smep bmi2 erms invpcid mpx rdseed adx smap clflushopt intel_pt xsaveopt xsavec xgetbv1 xsaves dtherm ida arat pln pts hwp hwp_notify hwp_act_window hwp_epp md_clear flush_l1d
bugs		: cpu_meltdown spectre_v1 spectre_v2 spec_store_bypass l1tf mds swapgs itlb_multihit
bogomips	: 5424.00
clflush size	: 64
cache_alignment	: 64
address sizes	: 39 bits physical, 48 bits virtual
power management:

processor	: 2
vendor_id	: GenuineIntel
cpu family	: 6
model		: 94
model name	: Intel(R) Core(TM) i5-6400 CPU @ 2.70GHz
stepping	: 3
microcode	: 0xd6
cpu MHz		: 3142.177
cache size	: 6144 KB
physical id	: 0
siblings	: 4
core id		: 2
cpu cores	: 4
apicid		: 4
initial apicid	: 4
fpu		: yes
fpu_exception	: yes
cpuid level	: 22
wp		: yes
flags		: fpu vme de pse tsc msr pae mce cx8 apic sep mtrr pge mca cmov pat pse36 clflush dts acpi mmx fxsr sse sse2 ss ht tm pbe syscall nx pdpe1gb rdtscp lm constant_tsc art arch_perfmon pebs bts rep_good nopl xtopology nonstop_tsc cpuid aperfmperf tsc_known_freq pni pclmulqdq dtes64 monitor ds_cpl vmx est tm2 ssse3 sdbg fma cx16 xtpr pdcm pcid sse4_1 sse4_2 x2apic movbe popcnt tsc_deadline_timer aes xsave avx f16c rdrand lahf_lm abm 3dnowprefetch cpuid_fault epb invpcid_single pti ssbd ibrs ibpb stibp tpr_shadow vnmi flexpriority ept vpid fsgsbase tsc_adjust bmi1 avx2 smep bmi2 erms invpcid mpx rdseed adx smap clflushopt intel_pt xsaveopt xsavec xgetbv1 xsaves dtherm ida arat pln pts hwp hwp_notify hwp_act_window hwp_epp md_clear flush_l1d
bugs		: cpu_meltdown spectre_v1 spectre_v2 spec_store_bypass l1tf mds swapgs itlb_multihit
bogomips	: 5424.00
clflush size	: 64
cache_alignment	: 64
address sizes	: 39 bits physical, 48 bits virtual
power management:

processor	: 3
vendor_id	: GenuineIntel
cpu family	: 6
model		: 94
model name	: Intel(R) Core(TM) i5-6400 CPU @ 2.70GHz
stepping	: 3
microcode	: 0xd6
cpu MHz		: 3106.396
cache size	: 6144 KB
physical id	: 0
siblings	: 4
core id		: 3
cpu cores	: 4
apicid		: 6
initial apicid	: 6
fpu		: yes
fpu_exception	: yes
cpuid level	: 22
wp		: yes
flags		: fpu vme de pse tsc msr pae mce cx8 apic sep mtrr pge mca cmov pat pse36 clflush dts acpi mmx fxsr sse sse2 ss ht tm pbe syscall nx pdpe1gb rdtscp lm constant_tsc art arch_perfmon pebs bts rep_good nopl xtopology nonstop_tsc cpuid aperfmperf tsc_known_freq pni pclmulqdq dtes64 monitor ds_cpl vmx est tm2 ssse3 sdbg fma cx16 xtpr pdcm pcid sse4_1 sse4_2 x2apic movbe popcnt tsc_deadline_timer aes xsave avx f16c rdrand lahf_lm abm 3dnowprefetch cpuid_fault epb invpcid_single pti ssbd ibrs ibpb stibp tpr_shadow vnmi flexpriority ept vpid fsgsbase tsc_adjust bmi1 avx2 smep bmi2 erms invpcid mpx rdseed adx smap clflushopt intel_pt xsaveopt xsavec xgetbv1 xsaves dtherm ida arat pln pts hwp hwp_notify hwp_act_window hwp_epp md_clear flush_l1d
bugs		: cpu_meltdown spectre_v1 spectre_v2 spec_store_bypass l1tf mds swapgs itlb_multihit
bogomips	: 5424.00
clflush size	: 64
cache_alignment	: 64
address sizes	: 39 bits physical, 48 bits virtual
power management:



Memory: 4k page, physical 8069840k(136284k free), swap 999420k(0k free)

vm_info: Java HotSpot(TM) 64-Bit Server VM (25.181-b13) for linux-amd64 JRE (1.8.0_181-b13), built on Jul  7 2018 00:56:38 by "java_re" with gcc 4.3.0 20080428 (Red Hat 4.3.0-8)

time: Sat Feb 29 13:20:21 2020
elapsed time: 192 seconds (0d 0h 3m 12s)

